<?xml version="1.0" encoding="UTF-8"?>
<!-- Generated by org.testng.reporters.JUnitReportReporter -->
<testsuite skipped="0" hostname="Tahsina" name="com.cslsoft.TestMobileAutomation.Test1" tests="1" failures="0" timestamp="2020-08-24T15:43:15 BDT" time="14.300" errors="0">
  <testcase name="f" time="14.300" classname="com.cslsoft.TestMobileAutomation.Test1"/>
  <system-out/>
</testsuite> <!-- com.cslsoft.TestMobileAutomation.Test1 -->
