<?xml version="1.0" encoding="UTF-8"?>
<!-- Generated by org.testng.reporters.JUnitReportReporter -->
<testsuite hostname="Nahid" failures="0" tests="1" name="com.cslsoft.KandareeLiteApp.OrdersDashboard" time="9.039" errors="0" timestamp="2020-12-14T12:48:13 BDT" skipped="0">
  <testcase classname="com.cslsoft.KandareeLiteApp.OrdersDashboard" name="Nevigate" time="9.039"/>
  <system-out/>
</testsuite> <!-- com.cslsoft.KandareeLiteApp.OrdersDashboard -->
