<?xml version="1.0" encoding="UTF-8"?>
<!-- Generated by org.testng.reporters.JUnitReportReporter -->
<testsuite hostname="Nahid" failures="0" tests="2" name="com.cslsoft.KandareeLiteApp.CompanyAsset" time="20.433" errors="0" timestamp="2020-12-13T18:48:25 BDT" skipped="0">
  <testcase classname="com.cslsoft.KandareeLiteApp.CompanyAsset" name="navigation" time="3.642"/>
  <system-out/>
  <testcase classname="com.cslsoft.KandareeLiteApp.CompanyAsset" name="AddAsset" time="16.791"/>
  <system-out/>
</testsuite> <!-- com.cslsoft.KandareeLiteApp.CompanyAsset -->
