<?xml version="1.0" encoding="UTF-8"?>
<!-- Generated by org.testng.reporters.JUnitReportReporter -->
<testsuite hostname="Nahid" failures="0" tests="7" name="com.cslsoft.KandareeLiteApp.OrderTaskHK" time="86.262" errors="0" timestamp="2020-12-14T12:22:35 BDT" skipped="0">
  <testcase classname="com.cslsoft.KandareeLiteApp.OrderTaskHK" name="Nevigate" time="5.231"/>
  <system-out/>
  <testcase classname="com.cslsoft.KandareeLiteApp.OrderTaskHK" name="CreateOrderTask" time="15.080"/>
  <system-out/>
  <testcase classname="com.cslsoft.KandareeLiteApp.OrderTaskHK" name="EditTaskHK" time="27.689"/>
  <system-out/>
  <testcase classname="com.cslsoft.KandareeLiteApp.OrderTaskHK" name="SortingSearching" time="4.696"/>
  <system-out/>
  <testcase classname="com.cslsoft.KandareeLiteApp.OrderTaskHK" name="DisableHK" time="15.797"/>
  <system-out/>
  <testcase classname="com.cslsoft.KandareeLiteApp.OrderTaskHK" name="EnableHK" time="5.982"/>
  <system-out/>
  <testcase classname="com.cslsoft.KandareeLiteApp.OrderTaskHK" name="DeleteHK" time="11.787"/>
  <system-out/>
</testsuite> <!-- com.cslsoft.KandareeLiteApp.OrderTaskHK -->
