<?xml version="1.0" encoding="UTF-8"?>
<!-- Generated by org.testng.reporters.JUnitReportReporter -->
<testsuite hostname="Nahid" failures="0" tests="2" name="com.cslsoft.KandareeLiteTestCase.MyOrdersManagement" time="78.911" errors="0" timestamp="2021-06-07T17:16:10 BDT" skipped="0">
  <testcase classname="com.cslsoft.KandareeLiteTestCase.MyOrdersManagement" name="Nevigate" time="10.352"/>
  <system-out/>
  <testcase classname="com.cslsoft.KandareeLiteTestCase.MyOrdersManagement" name="CostIncurredAfterCancelation" time="68.559"/>
  <system-out/>
</testsuite> <!-- com.cslsoft.KandareeLiteTestCase.MyOrdersManagement -->
