<?xml version="1.0" encoding="UTF-8"?>
<!-- Generated by org.testng.reporters.JUnitReportReporter -->
<testsuite hostname="Nahid" failures="0" tests="1" name="com.cslsoft.KandareeLiteApp.ActivityDashboard" time="9.257" errors="0" timestamp="2020-12-14T13:02:30 BDT" skipped="0">
  <testcase classname="com.cslsoft.KandareeLiteApp.ActivityDashboard" name="Nevigate" time="9.257"/>
  <system-out/>
</testsuite> <!-- com.cslsoft.KandareeLiteApp.ActivityDashboard -->
