<?xml version="1.0" encoding="UTF-8"?>
<!-- Generated by org.testng.reporters.JUnitReportReporter -->
<testsuite hostname="Nahid" failures="0" tests="8" name="com.cslsoft.KandareeLiteApp.TaskTemplate" time="189.138" errors="0" timestamp="2020-12-13T18:21:09 BDT" skipped="0">
  <testcase classname="com.cslsoft.KandareeLiteApp.TaskTemplate" name="Nevigate" time="3.985"/>
  <system-out/>
  <testcase classname="com.cslsoft.KandareeLiteApp.TaskTemplate" name="CreateTemplate" time="71.553"/>
  <system-out/>
  <testcase classname="com.cslsoft.KandareeLiteApp.TaskTemplate" name="EditTemplate" time="78.474"/>
  <system-out/>
  <testcase classname="com.cslsoft.KandareeLiteApp.TaskTemplate" name="DeleteTask" time="9.650"/>
  <system-out/>
  <testcase classname="com.cslsoft.KandareeLiteApp.TaskTemplate" name="SortingSearching" time="5.252"/>
  <system-out/>
  <testcase classname="com.cslsoft.KandareeLiteApp.TaskTemplate" name="DisableHK" time="8.633"/>
  <system-out/>
  <testcase classname="com.cslsoft.KandareeLiteApp.TaskTemplate" name="EnableHK" time="5.958"/>
  <system-out/>
  <testcase classname="com.cslsoft.KandareeLiteApp.TaskTemplate" name="DeleteHK" time="5.633"/>
  <system-out/>
</testsuite> <!-- com.cslsoft.KandareeLiteApp.TaskTemplate -->
