<?xml version="1.0" encoding="UTF-8"?>
<!-- Generated by org.testng.reporters.JUnitReportReporter -->
<testsuite hostname="Nahid" failures="0" tests="9" name="com.cslsoft.KandareeLiteApp.LibraryManagement" time="34.055" errors="0" timestamp="2020-12-13T18:59:37 BDT" skipped="0">
  <testcase classname="com.cslsoft.KandareeLiteApp.LibraryManagement" name="navigation" time="3.444"/>
  <system-out/>
  <testcase classname="com.cslsoft.KandareeLiteApp.LibraryManagement" name="verifyLibraryView" time="0.015"/>
  <system-out/>
  <testcase classname="com.cslsoft.KandareeLiteApp.LibraryManagement" name="verifyLibraryValuesFinder" time="1.689"/>
  <system-out/>
  <testcase classname="com.cslsoft.KandareeLiteApp.LibraryManagement" name="addAttribute" time="4.397"/>
  <system-out/>
  <testcase classname="com.cslsoft.KandareeLiteApp.LibraryManagement" name="editAttribute" time="8.907"/>
  <system-out/>
  <testcase classname="com.cslsoft.KandareeLiteApp.LibraryManagement" name="disableAttribute" time="4.136"/>
  <system-out/>
  <testcase classname="com.cslsoft.KandareeLiteApp.LibraryManagement" name="EnableAttrivute" time="4.232"/>
  <system-out/>
  <testcase classname="com.cslsoft.KandareeLiteApp.LibraryManagement" name="librarySearch" time="2.059"/>
  <system-out/>
  <testcase classname="com.cslsoft.KandareeLiteApp.LibraryManagement" name="deleteAttribute" time="5.176"/>
  <system-out/>
</testsuite> <!-- com.cslsoft.KandareeLiteApp.LibraryManagement -->
