<?xml version="1.0" encoding="UTF-8"?>
<!-- Generated by org.testng.reporters.JUnitReportReporter -->
<testsuite hostname="Nahid" failures="0" tests="2" name="com.cslsoft.KandareeLiteTestCase.CompanyCreditorsLiabilities" time="111.320" errors="0" timestamp="2021-07-01T20:18:49 BDT" skipped="0">
  <testcase classname="com.cslsoft.KandareeLiteTestCase.CompanyCreditorsLiabilities" name="Nevigate" time="15.282"/>
  <system-out/>
  <testcase classname="com.cslsoft.KandareeLiteTestCase.CompanyCreditorsLiabilities" name="Delete_VerifyDeletedCreditorLiability" time="96.038"/>
  <system-out/>
</testsuite> <!-- com.cslsoft.KandareeLiteTestCase.CompanyCreditorsLiabilities -->
