<?xml version="1.0" encoding="UTF-8"?>
<!-- Generated by org.testng.reporters.JUnitReportReporter -->
<testsuite hostname="Nahid" failures="0" tests="20" name="com.cslsoft.KandareeLiteTestCase.MyTasks" time="1232.179" errors="0" timestamp="2021-04-02T01:52:54 BDT" skipped="0">
  <testcase classname="com.cslsoft.KandareeLiteTestCase.MyTasks" name="Nevigate" time="23.849"/>
  <system-out/>
  <testcase classname="com.cslsoft.KandareeLiteTestCase.MyTasks" name="VerifyCompletedTaskCallFeature" time="30.352"/>
  <system-out/>
  <testcase classname="com.cslsoft.KandareeLiteTestCase.MyTasks" name="VerifyReassignButton_PlaceHolderText" time="22.467"/>
  <system-out/>
  <testcase classname="com.cslsoft.KandareeLiteTestCase.MyTasks" name="VerifyCancel_SaveButton" time="17.059"/>
  <system-out/>
  <testcase classname="com.cslsoft.KandareeLiteTestCase.MyTasks" name="Dismiss_Unsave_Data_Reassinge" time="39.911"/>
  <system-out/>
  <testcase classname="com.cslsoft.KandareeLiteTestCase.MyTasks" name="Dropdown_Data_Dismiss" time="32.510"/>
  <system-out/>
  <testcase classname="com.cslsoft.KandareeLiteTestCase.MyTasks" name="Verify_Reassigning_Task" time="51.553"/>
  <system-out/>
  <testcase classname="com.cslsoft.KandareeLiteTestCase.MyTasks" name="CreateAssignTask" time="73.022"/>
  <system-out/>
  <testcase classname="com.cslsoft.KandareeLiteTestCase.MyTasks" name="VerifyCreatedAssignTask_TaskData" time="48.189"/>
  <system-out/>
  <testcase classname="com.cslsoft.KandareeLiteTestCase.MyTasks" name="VerifyAssignedTaskDetail_ContentLabels" time="61.901"/>
  <system-out/>
  <testcase classname="com.cslsoft.KandareeLiteTestCase.MyTasks" name="Update_VerifyAssigneTaskDetails" time="56.309"/>
  <system-out/>
  <testcase classname="com.cslsoft.KandareeLiteTestCase.MyTasks" name="VerifyCompletionButton" time="263.025"/>
  <system-out/>
  <testcase classname="com.cslsoft.KandareeLiteTestCase.MyTasks" name="Verify_Completion_of_Assigned_Task" time="158.156"/>
  <system-out/>
  <testcase classname="com.cslsoft.KandareeLiteTestCase.MyTasks" name="Verify_Completion_Date" time="5.159"/>
  <system-out/>
  <testcase classname="com.cslsoft.KandareeLiteTestCase.MyTasks" name="Delete_complete_task" time="57.467"/>
  <system-out/>
  <testcase classname="com.cslsoft.KandareeLiteTestCase.MyTasks" name="DeleteTask_with_Remarks" time="114.479"/>
  <system-out/>
  <testcase classname="com.cslsoft.KandareeLiteTestCase.MyTasks" name="DeleteTask_without_Remarks" time="60.131"/>
  <system-out/>
  <testcase classname="com.cslsoft.KandareeLiteTestCase.MyTasks" name="Verify_Old_Task_Data_Call_Feature" time="7.187"/>
  <system-out/>
  <testcase classname="com.cslsoft.KandareeLiteTestCase.MyTasks" name="Verify_Old_task_Status" time="68.837"/>
  <system-out/>
  <testcase classname="com.cslsoft.KandareeLiteTestCase.MyTasks" name="Verify_Incomplete_twodays" time="40.616"/>
  <system-out/>
</testsuite> <!-- com.cslsoft.KandareeLiteTestCase.MyTasks -->
