<?xml version="1.0" encoding="UTF-8"?>
<!-- Generated by org.testng.reporters.JUnitReportReporter -->
<testsuite hostname="Nahid" failures="0" tests="9" name="com.cslsoft.TestMobileAutomation.LibraryManagement" time="45.325" errors="0" timestamp="2020-11-17T12:33:54 BDT" skipped="0">
  <testcase classname="com.cslsoft.TestMobileAutomation.LibraryManagement" name="navigation" time="5.876"/>
  <system-out/>
  <testcase classname="com.cslsoft.TestMobileAutomation.LibraryManagement" name="verifyLibraryView" time="0.639"/>
  <system-out/>
  <testcase classname="com.cslsoft.TestMobileAutomation.LibraryManagement" name="verifyLibraryValuesFinder" time="2.645"/>
  <system-out/>
  <testcase classname="com.cslsoft.TestMobileAutomation.LibraryManagement" name="addAttribute" time="5.511"/>
  <system-out/>
  <testcase classname="com.cslsoft.TestMobileAutomation.LibraryManagement" name="editAttribute" time="10.919"/>
  <system-out/>
  <testcase classname="com.cslsoft.TestMobileAutomation.LibraryManagement" name="disableAttribute" time="5.379"/>
  <system-out/>
  <testcase classname="com.cslsoft.TestMobileAutomation.LibraryManagement" name="EnableAttrivute" time="5.272"/>
  <system-out/>
  <testcase classname="com.cslsoft.TestMobileAutomation.LibraryManagement" name="librarySearch" time="2.274"/>
  <system-out/>
  <testcase classname="com.cslsoft.TestMobileAutomation.LibraryManagement" name="deleteAttribute" time="6.810"/>
  <system-out/>
</testsuite> <!-- com.cslsoft.TestMobileAutomation.LibraryManagement -->
