<?xml version="1.0" encoding="UTF-8"?>
<!-- Generated by org.testng.reporters.JUnitReportReporter -->
<testsuite hostname="Nahid" failures="0" tests="1" name="com.cslsoft.KandareeLiteApp.FinancialDashboard" time="10.135" errors="0" timestamp="2020-12-14T12:44:47 BDT" skipped="0">
  <testcase classname="com.cslsoft.KandareeLiteApp.FinancialDashboard" name="Nevigate" time="10.135"/>
  <system-out/>
</testsuite> <!-- com.cslsoft.KandareeLiteApp.FinancialDashboard -->
