<?xml version="1.0" encoding="UTF-8"?>
<!-- Generated by org.testng.reporters.JUnitReportReporter -->
<testsuite hostname="Nahid" failures="0" tests="4" name="com.cslsoft.KandareeLiteApp.Users" time="85.051" errors="0" timestamp="2020-11-25T11:08:41 BDT" skipped="0">
  <testcase classname="com.cslsoft.KandareeLiteApp.Users" name="Nevigate" time="5.739"/>
  <system-out/>
  <testcase classname="com.cslsoft.KandareeLiteApp.Users" name="CreateUser" time="35.248"/>
  <system-out/>
  <testcase classname="com.cslsoft.KandareeLiteApp.Users" name="EditUser" time="37.641"/>
  <system-out/>
  <testcase classname="com.cslsoft.KandareeLiteApp.Users" name="DeleteUser" time="6.423"/>
  <system-out/>
</testsuite> <!-- com.cslsoft.KandareeLiteApp.Users -->
