<?xml version="1.0" encoding="UTF-8"?>
<!-- Generated by org.testng.reporters.JUnitReportReporter -->
<testsuite hostname="Nahid" failures="0" tests="9" name="com.cslsoft.TestMobileAutomation.MyTasks" time="174.748" errors="0" timestamp="2020-11-17T12:33:54 BDT" skipped="0">
  <testcase classname="com.cslsoft.TestMobileAutomation.MyTasks" name="Nevigate" time="5.767"/>
  <system-out/>
  <testcase classname="com.cslsoft.TestMobileAutomation.MyTasks" name="CreateTask" time="13.109"/>
  <system-out/>
  <testcase classname="com.cslsoft.TestMobileAutomation.MyTasks" name="UpdateTask" time="38.338"/>
  <system-out/>
  <testcase classname="com.cslsoft.TestMobileAutomation.MyTasks" name="MyTaskMiscellaneous" time="14.728"/>
  <system-out/>
  <testcase classname="com.cslsoft.TestMobileAutomation.MyTasks" name="AssignTask" time="1.061"/>
  <system-out/>
  <testcase classname="com.cslsoft.TestMobileAutomation.MyTasks" name="UpdateAssignTask" time="53.381"/>
  <system-out/>
  <testcase classname="com.cslsoft.TestMobileAutomation.MyTasks" name="DeleteAssignTask" time="7.234"/>
  <system-out/>
  <testcase classname="com.cslsoft.TestMobileAutomation.MyTasks" name="OldTask" time="0.894"/>
  <system-out/>
  <testcase classname="com.cslsoft.TestMobileAutomation.MyTasks" name="UpdateOldTask" time="40.236"/>
  <system-out/>
</testsuite> <!-- com.cslsoft.TestMobileAutomation.MyTasks -->
