<?xml version="1.0" encoding="UTF-8"?>
<!-- Generated by org.testng.reporters.JUnitReportReporter -->
<testsuite hostname="Nahid" failures="0" tests="2" name="com.cslsoft.KandareeLiteTestCase.TaskTemplate" time="803.872" errors="0" timestamp="2021-06-16T19:07:30 BDT" skipped="0">
  <testcase classname="com.cslsoft.KandareeLiteTestCase.TaskTemplate" name="Navigate" time="12.075"/>
  <system-out/>
  <testcase classname="com.cslsoft.KandareeLiteTestCase.TaskTemplate" name="VerifyTemplateTasksSequenceNumber" time="791.797"/>
  <system-out/>
</testsuite> <!-- com.cslsoft.KandareeLiteTestCase.TaskTemplate -->
