<?xml version="1.0" encoding="UTF-8"?>
<!-- Generated by org.testng.reporters.JUnitReportReporter -->
<testsuite hostname="Nahid" failures="0" tests="2" name="com.cslsoft.KandareeLiteTestCase.Settings" time="58.833" errors="0" timestamp="2021-08-05T16:07:40 BDT" skipped="0">
  <testcase classname="com.cslsoft.KandareeLiteTestCase.Settings" name="Nevigate" time="9.686"/>
  <system-out/>
  <testcase classname="com.cslsoft.KandareeLiteTestCase.Settings" name="VerifyLogoutAndBackButton" time="49.147"/>
  <system-out/>
</testsuite> <!-- com.cslsoft.KandareeLiteTestCase.Settings -->
