<?xml version="1.0" encoding="UTF-8"?>
<!-- Generated by org.testng.reporters.JUnitReportReporter -->
<testsuite hostname="Nahid" failures="0" tests="1" name="com.cslsoft.KandareeLiteApp.TnATrafficLightDashboard" time="9.676" errors="0" timestamp="2020-12-14T13:20:35 BDT" skipped="0">
  <testcase classname="com.cslsoft.KandareeLiteApp.TnATrafficLightDashboard" name="Nevigate" time="9.676"/>
  <system-out/>
</testsuite> <!-- com.cslsoft.KandareeLiteApp.TnATrafficLightDashboard -->
