<?xml version="1.0" encoding="UTF-8"?>
<!-- Generated by org.testng.reporters.JUnitReportReporter -->
<testsuite hostname="Nahid" failures="0" tests="2" name="com.cslsoft.KandareeLiteTestCase.CompanyBankLoansLiabilities" time="118.429" errors="0" timestamp="2021-07-01T13:29:58 BDT" skipped="0">
  <testcase classname="com.cslsoft.KandareeLiteTestCase.CompanyBankLoansLiabilities" name="Nevigate" time="26.614"/>
  <system-out/>
  <testcase classname="com.cslsoft.KandareeLiteTestCase.CompanyBankLoansLiabilities" name="Delete_VerifyDeletedBankLiability" time="91.815"/>
  <system-out/>
</testsuite> <!-- com.cslsoft.KandareeLiteTestCase.CompanyBankLoansLiabilities -->
