<?xml version="1.0" encoding="UTF-8"?>
<!-- Generated by org.testng.reporters.JUnitReportReporter -->
<testsuite hostname="Nahid" failures="0" tests="2" name="com.cslsoft.KandareeLiteApp.CompanyLiabilities" time="24.500" errors="0" timestamp="2020-12-13T18:49:21 BDT" skipped="0">
  <testcase classname="com.cslsoft.KandareeLiteApp.CompanyLiabilities" name="navigation" time="3.941"/>
  <system-out/>
  <testcase classname="com.cslsoft.KandareeLiteApp.CompanyLiabilities" name="AddBankLiabilities" time="20.559"/>
  <system-out/>
</testsuite> <!-- com.cslsoft.KandareeLiteApp.CompanyLiabilities -->
