<?xml version="1.0" encoding="UTF-8"?>
<!-- Generated by org.testng.reporters.JUnitReportReporter -->
<testsuite hostname="Nahid" failures="0" tests="2" name="com.cslsoft.KandareeLiteTestCase.CompanyLCLiabilities" time="157.711" errors="0" timestamp="2021-06-30T12:45:40 BDT" skipped="0">
  <testcase classname="com.cslsoft.KandareeLiteTestCase.CompanyLCLiabilities" name="Nevigate" time="9.876"/>
  <system-out/>
  <testcase classname="com.cslsoft.KandareeLiteTestCase.CompanyLCLiabilities" name="Delete_VerifyDeletedLCLiability" time="147.835"/>
  <system-out/>
</testsuite> <!-- com.cslsoft.KandareeLiteTestCase.CompanyLCLiabilities -->
