<?xml version="1.0" encoding="UTF-8"?>
<!-- Generated by org.testng.reporters.JUnitReportReporter -->
<testsuite hostname="Nahid" failures="0" tests="2" name="com.cslsoft.KandareeLiteTestCase.LogInWithOTP" time="184.371" errors="0" timestamp="2021-08-25T18:11:51 BDT" skipped="0">
  <testcase classname="com.cslsoft.KandareeLiteTestCase.LogInWithOTP" name="IncorrectEmailIncorrertCode" time="73.636"/>
  <system-out/>
  <testcase classname="com.cslsoft.KandareeLiteTestCase.LogInWithOTP" name="BlankEmailCorrectCode" time="110.735"/>
  <system-out/>
</testsuite> <!-- com.cslsoft.KandareeLiteTestCase.LogInWithOTP -->
