<?xml version="1.0" encoding="UTF-8"?>
<!-- Generated by org.testng.reporters.JUnitReportReporter -->
<testsuite hostname="Nahid" failures="0" tests="2" name="com.cslsoft.KandareeLiteTestCase.CompanyLiabilities" time="35.337" errors="0" timestamp="2021-06-21T18:45:27 BDT" skipped="0">
  <testcase classname="com.cslsoft.KandareeLiteTestCase.CompanyLiabilities" name="Nevigate" time="24.326"/>
  <system-out/>
  <testcase classname="com.cslsoft.KandareeLiteTestCase.CompanyLiabilities" name="CreateLCLiability" time="11.011"/>
  <system-out/>
</testsuite> <!-- com.cslsoft.KandareeLiteTestCase.CompanyLiabilities -->
