<?xml version="1.0" encoding="UTF-8"?>
<!-- Generated by org.testng.reporters.JUnitReportReporter -->
<testsuite hostname="Nahid" failures="0" tests="4" name="com.cslsoft.KandareeLiteApp.ProfileManagement" time="39.100" errors="0" timestamp="2020-12-14T12:31:25 BDT" skipped="0">
  <testcase classname="com.cslsoft.KandareeLiteApp.ProfileManagement" name="navigation" time="4.601"/>
  <system-out/>
  <testcase classname="com.cslsoft.KandareeLiteApp.ProfileManagement" name="verifyViewProfile" time="0.015"/>
  <system-out/>
  <testcase classname="com.cslsoft.KandareeLiteApp.ProfileManagement" name="updateProfilePicture" time="10.933"/>
  <system-out/>
  <testcase classname="com.cslsoft.KandareeLiteApp.ProfileManagement" name="UpdateProfileInfo" time="23.551"/>
  <system-out/>
</testsuite> <!-- com.cslsoft.KandareeLiteApp.ProfileManagement -->
