<?xml version="1.0" encoding="UTF-8"?>
<!-- Generated by org.testng.reporters.JUnitReportReporter -->
<testsuite hostname="Nahid" failures="0" tests="8" name="com.cslsoft.KandareeLiteApp.MyOrdersManagement" time="232.226" errors="0" timestamp="2020-12-13T18:46:28 BDT" skipped="0">
  <testcase classname="com.cslsoft.KandareeLiteApp.MyOrdersManagement" name="navigation" time="3.600"/>
  <system-out/>
  <testcase classname="com.cslsoft.KandareeLiteApp.MyOrdersManagement" name="CreateOrder" time="60.544"/>
  <system-out/>
  <testcase classname="com.cslsoft.KandareeLiteApp.MyOrdersManagement" name="UpdateOrder" time="69.299"/>
  <system-out/>
  <testcase classname="com.cslsoft.KandareeLiteApp.MyOrdersManagement" name="OrderinfoOrder" time="5.372"/>
  <system-out/>
  <testcase classname="com.cslsoft.KandareeLiteApp.MyOrdersManagement" name="OrderinfoTask" time="34.976"/>
  <system-out/>
  <testcase classname="com.cslsoft.KandareeLiteApp.MyOrdersManagement" name="OrderinfoCancellation" time="45.018"/>
  <system-out/>
  <testcase classname="com.cslsoft.KandareeLiteApp.MyOrdersManagement" name="OrderinfoDeleteCancelCost" time="7.675"/>
  <system-out/>
  <testcase classname="com.cslsoft.KandareeLiteApp.MyOrdersManagement" name="DeleteOrder" time="5.742"/>
  <system-out/>
</testsuite> <!-- com.cslsoft.KandareeLiteApp.MyOrdersManagement -->
