<?xml version="1.0" encoding="UTF-8"?>
<!-- Generated by org.testng.reporters.JUnitReportReporter -->
<testsuite hostname="Nahid" failures="0" tests="2" name="com.cslsoft.KandareeLiteTestCase.CompanyUserCreateLiabilityCategory" time="78.620" errors="0" timestamp="2021-07-08T19:05:03 BDT" skipped="0">
  <testcase classname="com.cslsoft.KandareeLiteTestCase.CompanyUserCreateLiabilityCategory" name="Nevigate" time="14.709"/>
  <system-out/>
  <testcase classname="com.cslsoft.KandareeLiteTestCase.CompanyUserCreateLiabilityCategory" name="DeletelargestCardAndVerifyAddLiabilityInBreakdownTotal" time="63.911"/>
  <system-out/>
</testsuite> <!-- com.cslsoft.KandareeLiteTestCase.CompanyUserCreateLiabilityCategory -->
