<?xml version="1.0" encoding="UTF-8"?>
<!-- Generated by org.testng.reporters.JUnitReportReporter -->
<testsuite hostname="Nahid" failures="0" tests="2" name="com.cslsoft.KandareeLiteApp.Setting" time="4.186" errors="0" timestamp="2020-12-14T12:32:03 BDT" skipped="0">
  <testcase classname="com.cslsoft.KandareeLiteApp.Setting" name="Nevigate" time="2.942"/>
  <system-out/>
  <testcase classname="com.cslsoft.KandareeLiteApp.Setting" name="Logout" time="1.244"/>
  <system-out/>
</testsuite> <!-- com.cslsoft.KandareeLiteApp.Setting -->
