<?xml version="1.0" encoding="UTF-8"?>
<!-- Generated by org.testng.reporters.JUnitReportReporter -->
<testsuite hostname="Nahid" failures="0" tests="7" name="com.cslsoft.KandareeLiteApp.Customer" time="74.153" errors="0" timestamp="2020-12-13T18:57:43 BDT" skipped="0">
  <testcase classname="com.cslsoft.KandareeLiteApp.Customer" name="Nevigate" time="3.850"/>
  <system-out/>
  <testcase classname="com.cslsoft.KandareeLiteApp.Customer" name="CreateCustomer" time="18.499"/>
  <system-out/>
  <testcase classname="com.cslsoft.KandareeLiteApp.Customer" name="UpdateCustomar" time="31.345"/>
  <system-out/>
  <testcase classname="com.cslsoft.KandareeLiteApp.Customer" name="DisableCustomer" time="6.722"/>
  <system-out/>
  <testcase classname="com.cslsoft.KandareeLiteApp.Customer" name="EnableCustomer" time="6.118"/>
  <system-out/>
  <testcase classname="com.cslsoft.KandareeLiteApp.Customer" name="DeleteCustomer" time="5.843"/>
  <system-out/>
  <testcase classname="com.cslsoft.KandareeLiteApp.Customer" name="SortingCustomer" time="1.776"/>
  <system-out/>
</testsuite> <!-- com.cslsoft.KandareeLiteApp.Customer -->
