<?xml version="1.0" encoding="UTF-8"?>
<!-- Generated by org.testng.reporters.JUnitReportReporter -->
<testsuite hostname="Nahid" failures="0" tests="4" name="com.cslsoft.TestMobileAutomation.ProfileManagement" time="44.009" errors="0" timestamp="2020-11-17T12:33:54 BDT" skipped="0">
  <testcase classname="com.cslsoft.TestMobileAutomation.ProfileManagement" name="navigation" time="5.461"/>
  <system-out/>
  <testcase classname="com.cslsoft.TestMobileAutomation.ProfileManagement" name="verifyViewProfile" time="0.762"/>
  <system-out/>
  <testcase classname="com.cslsoft.TestMobileAutomation.ProfileManagement" name="updateProfilePicture" time="9.906"/>
  <system-out/>
  <testcase classname="com.cslsoft.TestMobileAutomation.ProfileManagement" name="UpdateProfileInfo" time="27.880"/>
  <system-out/>
</testsuite> <!-- com.cslsoft.TestMobileAutomation.ProfileManagement -->
