<?xml version="1.0" encoding="UTF-8"?>
<!-- Generated by org.testng.reporters.JUnitReportReporter -->
<testsuite hostname="Nahid" failures="0" tests="2" name="com.cslsoft.KandareeLiteTestCase.LibraryManagement" time="31.851" errors="0" timestamp="2021-03-09T14:05:00 BDT" skipped="0">
  <testcase classname="com.cslsoft.KandareeLiteTestCase.LibraryManagement" name="nevigate" time="10.518"/>
  <system-out/>
  <testcase classname="com.cslsoft.KandareeLiteTestCase.LibraryManagement" name="EditWithInvalidData" time="21.333"/>
  <system-out/>
</testsuite> <!-- com.cslsoft.KandareeLiteTestCase.LibraryManagement -->
