<?xml version="1.0" encoding="UTF-8"?>
<!-- Generated by org.testng.reporters.JUnitReportReporter -->
<testsuite hostname="Nahid" failures="0" tests="2" name="com.cslsoft.KandareeLiteTestCase.CompanyFDRAsset" time="276.302" errors="0" timestamp="2021-08-03T18:17:50 BDT" skipped="0">
  <testcase classname="com.cslsoft.KandareeLiteTestCase.CompanyFDRAsset" name="Nevigate" time="11.920"/>
  <system-out/>
  <testcase classname="com.cslsoft.KandareeLiteTestCase.CompanyFDRAsset" name="UpdateMultipleFDRAssetValueAndVerifyTotalAsset" time="264.382"/>
  <system-out/>
</testsuite> <!-- com.cslsoft.KandareeLiteTestCase.CompanyFDRAsset -->
