<?xml version="1.0" encoding="UTF-8"?>
<!-- Generated by org.testng.reporters.JUnitReportReporter -->
<testsuite hostname="Nahid" failures="0" tests="1" name="com.cslsoft.KandareeLiteTestCase.OrderTaskHK" time="18.717" errors="0" timestamp="2022-06-05T22:09:59 BDT" skipped="0">
  <testcase classname="com.cslsoft.KandareeLiteTestCase.OrderTaskHK" name="Nevigate" time="18.717"/>
  <system-out/>
</testsuite> <!-- com.cslsoft.KandareeLiteTestCase.OrderTaskHK -->
