<?xml version="1.0" encoding="UTF-8"?>
<!-- Generated by org.testng.reporters.JUnitReportReporter -->
<testsuite hostname="Nahid" failures="0" tests="2" name="com.cslsoft.KandareeLiteTestCase.OrderTaskHK$MyOrdersManagement" time="138.108" errors="0" timestamp="2021-06-01T21:55:51 BDT" skipped="0">
  <testcase classname="com.cslsoft.KandareeLiteTestCase.OrderTaskHK$MyOrdersManagement" name="Nevigate" time="12.589"/>
  <system-out/>
  <testcase classname="com.cslsoft.KandareeLiteTestCase.OrderTaskHK$MyOrdersManagement" name="DismissUnsavedDataInExistingOrderTaskHKDefault" time="125.519"/>
  <system-out/>
</testsuite> <!-- com.cslsoft.KandareeLiteTestCase.OrderTaskHK$MyOrdersManagement -->
