<?xml version="1.0" encoding="UTF-8"?>
<!-- Generated by org.testng.reporters.JUnitReportReporter -->
<testsuite hostname="Nahid" failures="0" tests="11" name="com.cslsoft.KandareeLiteApp.MyTasks" time="255.004" errors="0" timestamp="2020-12-14T12:18:35 BDT" skipped="0">
  <testcase classname="com.cslsoft.KandareeLiteApp.MyTasks" name="Nevigate" time="5.413"/>
  <system-out/>
  <testcase classname="com.cslsoft.KandareeLiteApp.MyTasks" name="CreateTask" time="12.205"/>
  <system-out/>
  <testcase classname="com.cslsoft.KandareeLiteApp.MyTasks" name="UpdateTask" time="44.948"/>
  <system-out/>
  <testcase classname="com.cslsoft.KandareeLiteApp.MyTasks" name="MyTaskMiscellaneous" time="25.511"/>
  <system-out/>
  <testcase classname="com.cslsoft.KandareeLiteApp.MyTasks" name="IncompleteTask" time="27.917"/>
  <system-out/>
  <testcase classname="com.cslsoft.KandareeLiteApp.MyTasks" name="Reassaign" time="25.707"/>
  <system-out/>
  <testcase classname="com.cslsoft.KandareeLiteApp.MyTasks" name="AssignTask" time="0.091"/>
  <system-out/>
  <testcase classname="com.cslsoft.KandareeLiteApp.MyTasks" name="UpdateAssignTask" time="65.815"/>
  <system-out/>
  <testcase classname="com.cslsoft.KandareeLiteApp.MyTasks" name="DeleteAssignTask" time="12.183"/>
  <system-out/>
  <testcase classname="com.cslsoft.KandareeLiteApp.MyTasks" name="OldTask" time="0.810"/>
  <system-out/>
  <testcase classname="com.cslsoft.KandareeLiteApp.MyTasks" name="UOldTaskFun" time="34.404"/>
  <system-out/>
</testsuite> <!-- com.cslsoft.KandareeLiteApp.MyTasks -->
