<?xml version="1.0" encoding="UTF-8"?>
<!-- Generated by org.testng.reporters.JUnitReportReporter -->
<testsuite hostname="Nahid" failures="0" tests="1" name="com.cslsoft.KandareeLiteApp.OrderTasksDashboard" time="12.281" errors="0" timestamp="2020-12-14T13:05:48 BDT" skipped="0">
  <testcase classname="com.cslsoft.KandareeLiteApp.OrderTasksDashboard" name="Nevigate" time="12.281"/>
  <system-out/>
</testsuite> <!-- com.cslsoft.KandareeLiteApp.OrderTasksDashboard -->
